Error[150]   C:\USERS\REBECA ALVARADO\DOCUMENTS\LICENCIATURA\7SEMESTRE\LENSAMBLADOR\00PALARMA\LCD.X\UART_LIB.ASM 10 : Labels must be defined in a code or data section when making an object file
Error[113]   C:\USERS\REBECA ALVARADO\DOCUMENTS\LICENCIATURA\7SEMESTRE\LENSAMBLADOR\00PALARMA\LCD.X\UART_LIB.ASM 11 : Symbol not previously defined (STATUS)
Error[113]   C:\USERS\REBECA ALVARADO\DOCUMENTS\LICENCIATURA\7SEMESTRE\LENSAMBLADOR\00PALARMA\LCD.X\UART_LIB.ASM 11 : Symbol not previously defined (RP1)
Error[152]   C:\USERS\REBECA ALVARADO\DOCUMENTS\LICENCIATURA\7SEMESTRE\LENSAMBLADOR\00PALARMA\LCD.X\UART_LIB.ASM 11 : Executable code and data must be defined in an appropriate section
Error[113]   C:\USERS\REBECA ALVARADO\DOCUMENTS\LICENCIATURA\7SEMESTRE\LENSAMBLADOR\00PALARMA\LCD.X\UART_LIB.ASM 12 : Symbol not previously defined (STATUS)
Error[113]   C:\USERS\REBECA ALVARADO\DOCUMENTS\LICENCIATURA\7SEMESTRE\LENSAMBLADOR\00PALARMA\LCD.X\UART_LIB.ASM 12 : Symbol not previously defined (RP0)
Error[152]   C:\USERS\REBECA ALVARADO\DOCUMENTS\LICENCIATURA\7SEMESTRE\LENSAMBLADOR\00PALARMA\LCD.X\UART_LIB.ASM 12 : Executable code and data must be defined in an appropriate section
Error[113]   C:\USERS\REBECA ALVARADO\DOCUMENTS\LICENCIATURA\7SEMESTRE\LENSAMBLADOR\00PALARMA\LCD.X\UART_LIB.ASM 18 : Symbol not previously defined (TRISC)
Error[152]   C:\USERS\REBECA ALVARADO\DOCUMENTS\LICENCIATURA\7SEMESTRE\LENSAMBLADOR\00PALARMA\LCD.X\UART_LIB.ASM 18 : Executable code and data must be defined in an appropriate section
Error[113]   C:\USERS\REBECA ALVARADO\DOCUMENTS\LICENCIATURA\7SEMESTRE\LENSAMBLADOR\00PALARMA\LCD.X\UART_LIB.ASM 19 : Symbol not previously defined (TRISC)
Error[152]   C:\USERS\REBECA ALVARADO\DOCUMENTS\LICENCIATURA\7SEMESTRE\LENSAMBLADOR\00PALARMA\LCD.X\UART_LIB.ASM 19 : Executable code and data must be defined in an appropriate section
Error[152]   C:\USERS\REBECA ALVARADO\DOCUMENTS\LICENCIATURA\7SEMESTRE\LENSAMBLADOR\00PALARMA\LCD.X\UART_LIB.ASM 22 : Executable code and data must be defined in an appropriate section
Error[113]   C:\USERS\REBECA ALVARADO\DOCUMENTS\LICENCIATURA\7SEMESTRE\LENSAMBLADOR\00PALARMA\LCD.X\UART_LIB.ASM 23 : Symbol not previously defined (SPBRG)
Error[152]   C:\USERS\REBECA ALVARADO\DOCUMENTS\LICENCIATURA\7SEMESTRE\LENSAMBLADOR\00PALARMA\LCD.X\UART_LIB.ASM 23 : Executable code and data must be defined in an appropriate section
Error[152]   C:\USERS\REBECA ALVARADO\DOCUMENTS\LICENCIATURA\7SEMESTRE\LENSAMBLADOR\00PALARMA\LCD.X\UART_LIB.ASM 30 : Executable code and data must be defined in an appropriate section
Error[113]   C:\USERS\REBECA ALVARADO\DOCUMENTS\LICENCIATURA\7SEMESTRE\LENSAMBLADOR\00PALARMA\LCD.X\UART_LIB.ASM 31 : Symbol not previously defined (TXSTA)
Error[152]   C:\USERS\REBECA ALVARADO\DOCUMENTS\LICENCIATURA\7SEMESTRE\LENSAMBLADOR\00PALARMA\LCD.X\UART_LIB.ASM 31 : Executable code and data must be defined in an appropriate section
Error[113]   C:\USERS\REBECA ALVARADO\DOCUMENTS\LICENCIATURA\7SEMESTRE\LENSAMBLADOR\00PALARMA\LCD.X\UART_LIB.ASM 33 : Symbol not previously defined (STATUS)
Error[113]   C:\USERS\REBECA ALVARADO\DOCUMENTS\LICENCIATURA\7SEMESTRE\LENSAMBLADOR\00PALARMA\LCD.X\UART_LIB.ASM 33 : Symbol not previously defined (RP0)
Error[152]   C:\USERS\REBECA ALVARADO\DOCUMENTS\LICENCIATURA\7SEMESTRE\LENSAMBLADOR\00PALARMA\LCD.X\UART_LIB.ASM 33 : Executable code and data must be defined in an appropriate section
Error[113]   C:\USERS\REBECA ALVARADO\DOCUMENTS\LICENCIATURA\7SEMESTRE\LENSAMBLADOR\00PALARMA\LCD.X\UART_LIB.ASM 35 : Symbol not previously defined (RCSTA)
Error[113]   C:\USERS\REBECA ALVARADO\DOCUMENTS\LICENCIATURA\7SEMESTRE\LENSAMBLADOR\00PALARMA\LCD.X\UART_LIB.ASM 35 : Symbol not previously defined (CREN)
Error[152]   C:\USERS\REBECA ALVARADO\DOCUMENTS\LICENCIATURA\7SEMESTRE\LENSAMBLADOR\00PALARMA\LCD.X\UART_LIB.ASM 35 : Executable code and data must be defined in an appropriate section
Error[152]   C:\USERS\REBECA ALVARADO\DOCUMENTS\LICENCIATURA\7SEMESTRE\LENSAMBLADOR\00PALARMA\LCD.X\UART_LIB.ASM 36 : Executable code and data must be defined in an appropriate section
Error[113]   C:\USERS\REBECA ALVARADO\DOCUMENTS\LICENCIATURA\7SEMESTRE\LENSAMBLADOR\00PALARMA\LCD.X\UART_LIB.ASM 37 : Symbol not previously defined (RCSTA)
Error[152]   C:\USERS\REBECA ALVARADO\DOCUMENTS\LICENCIATURA\7SEMESTRE\LENSAMBLADOR\00PALARMA\LCD.X\UART_LIB.ASM 37 : Executable code and data must be defined in an appropriate section
Error[113]   C:\USERS\REBECA ALVARADO\DOCUMENTS\LICENCIATURA\7SEMESTRE\LENSAMBLADOR\00PALARMA\LCD.X\UART_LIB.ASM 39 : Symbol not previously defined (PIR1)
Error[113]   C:\USERS\REBECA ALVARADO\DOCUMENTS\LICENCIATURA\7SEMESTRE\LENSAMBLADOR\00PALARMA\LCD.X\UART_LIB.ASM 39 : Symbol not previously defined (RCIF)
Error[152]   C:\USERS\REBECA ALVARADO\DOCUMENTS\LICENCIATURA\7SEMESTRE\LENSAMBLADOR\00PALARMA\LCD.X\UART_LIB.ASM 39 : Executable code and data must be defined in an appropriate section
Error[152]   C:\USERS\REBECA ALVARADO\DOCUMENTS\LICENCIATURA\7SEMESTRE\LENSAMBLADOR\00PALARMA\LCD.X\UART_LIB.ASM 43 : Executable code and data must be defined in an appropriate section
Error[150]   C:\USERS\REBECA ALVARADO\DOCUMENTS\LICENCIATURA\7SEMESTRE\LENSAMBLADOR\00PALARMA\LCD.X\UART_LIB.ASM 45 : Labels must be defined in a code or data section when making an object file
Error[113]   C:\USERS\REBECA ALVARADO\DOCUMENTS\LICENCIATURA\7SEMESTRE\LENSAMBLADOR\00PALARMA\LCD.X\UART_LIB.ASM 55 : Symbol not previously defined (STATUS)
Error[113]   C:\USERS\REBECA ALVARADO\DOCUMENTS\LICENCIATURA\7SEMESTRE\LENSAMBLADOR\00PALARMA\LCD.X\UART_LIB.ASM 55 : Symbol not previously defined (RP0)
Error[152]   C:\USERS\REBECA ALVARADO\DOCUMENTS\LICENCIATURA\7SEMESTRE\LENSAMBLADOR\00PALARMA\LCD.X\UART_LIB.ASM 55 : Executable code and data must be defined in an appropriate section
Error[150]   C:\USERS\REBECA ALVARADO\DOCUMENTS\LICENCIATURA\7SEMESTRE\LENSAMBLADOR\00PALARMA\LCD.X\UART_LIB.ASM 57 : Labels must be defined in a code or data section when making an object file
Error[113]   C:\USERS\REBECA ALVARADO\DOCUMENTS\LICENCIATURA\7SEMESTRE\LENSAMBLADOR\00PALARMA\LCD.X\UART_LIB.ASM 57 : Symbol not previously defined (PIR1)
Error[113]   C:\USERS\REBECA ALVARADO\DOCUMENTS\LICENCIATURA\7SEMESTRE\LENSAMBLADOR\00PALARMA\LCD.X\UART_LIB.ASM 57 : Symbol not previously defined (TXIF)
Error[152]   C:\USERS\REBECA ALVARADO\DOCUMENTS\LICENCIATURA\7SEMESTRE\LENSAMBLADOR\00PALARMA\LCD.X\UART_LIB.ASM 57 : Executable code and data must be defined in an appropriate section
Error[151]   C:\USERS\REBECA ALVARADO\DOCUMENTS\LICENCIATURA\7SEMESTRE\LENSAMBLADOR\00PALARMA\LCD.X\UART_LIB.ASM 58 : Operand contains unresolvable labels or is too complex
Error[152]   C:\USERS\REBECA ALVARADO\DOCUMENTS\LICENCIATURA\7SEMESTRE\LENSAMBLADOR\00PALARMA\LCD.X\UART_LIB.ASM 58 : Executable code and data must be defined in an appropriate section
Error[113]   C:\USERS\REBECA ALVARADO\DOCUMENTS\LICENCIATURA\7SEMESTRE\LENSAMBLADOR\00PALARMA\LCD.X\UART_LIB.ASM 61 : Symbol not previously defined (TXREG)
Error[152]   C:\USERS\REBECA ALVARADO\DOCUMENTS\LICENCIATURA\7SEMESTRE\LENSAMBLADOR\00PALARMA\LCD.X\UART_LIB.ASM 61 : Executable code and data must be defined in an appropriate section
Error[152]   C:\USERS\REBECA ALVARADO\DOCUMENTS\LICENCIATURA\7SEMESTRE\LENSAMBLADOR\00PALARMA\LCD.X\UART_LIB.ASM 68 : Executable code and data must be defined in an appropriate section
Error[150]   C:\USERS\REBECA ALVARADO\DOCUMENTS\LICENCIATURA\7SEMESTRE\LENSAMBLADOR\00PALARMA\LCD.X\UART_LIB.ASM 70 : Labels must be defined in a code or data section when making an object file
Error[113]   C:\USERS\REBECA ALVARADO\DOCUMENTS\LICENCIATURA\7SEMESTRE\LENSAMBLADOR\00PALARMA\LCD.X\UART_LIB.ASM 75 : Symbol not previously defined (STATUS)
Error[113]   C:\USERS\REBECA ALVARADO\DOCUMENTS\LICENCIATURA\7SEMESTRE\LENSAMBLADOR\00PALARMA\LCD.X\UART_LIB.ASM 75 : Symbol not previously defined (RP0)
Error[152]   C:\USERS\REBECA ALVARADO\DOCUMENTS\LICENCIATURA\7SEMESTRE\LENSAMBLADOR\00PALARMA\LCD.X\UART_LIB.ASM 75 : Executable code and data must be defined in an appropriate section
Error[113]   C:\USERS\REBECA ALVARADO\DOCUMENTS\LICENCIATURA\7SEMESTRE\LENSAMBLADOR\00PALARMA\LCD.X\UART_LIB.ASM 77 : Symbol not previously defined (RCSTA)
Error[113]   C:\USERS\REBECA ALVARADO\DOCUMENTS\LICENCIATURA\7SEMESTRE\LENSAMBLADOR\00PALARMA\LCD.X\UART_LIB.ASM 77 : Symbol not previously defined (OERR)
Error[152]   C:\USERS\REBECA ALVARADO\DOCUMENTS\LICENCIATURA\7SEMESTRE\LENSAMBLADOR\00PALARMA\LCD.X\UART_LIB.ASM 77 : Executable code and data must be defined in an appropriate section
Error[151]   C:\USERS\REBECA ALVARADO\DOCUMENTS\LICENCIATURA\7SEMESTRE\LENSAMBLADOR\00PALARMA\LCD.X\UART_LIB.ASM 78 : Operand contains unresolvable labels or is too complex
Error[152]   C:\USERS\REBECA ALVARADO\DOCUMENTS\LICENCIATURA\7SEMESTRE\LENSAMBLADOR\00PALARMA\LCD.X\UART_LIB.ASM 78 : Executable code and data must be defined in an appropriate section
Error[113]   C:\USERS\REBECA ALVARADO\DOCUMENTS\LICENCIATURA\7SEMESTRE\LENSAMBLADOR\00PALARMA\LCD.X\UART_LIB.ASM 80 : Symbol not previously defined (RCREG)
Error[152]   C:\USERS\REBECA ALVARADO\DOCUMENTS\LICENCIATURA\7SEMESTRE\LENSAMBLADOR\00PALARMA\LCD.X\UART_LIB.ASM 80 : Executable code and data must be defined in an appropriate section
Error[113]   C:\USERS\REBECA ALVARADO\DOCUMENTS\LICENCIATURA\7SEMESTRE\LENSAMBLADOR\00PALARMA\LCD.X\UART_LIB.ASM 84 : Symbol not previously defined (varRx)
Error[152]   C:\USERS\REBECA ALVARADO\DOCUMENTS\LICENCIATURA\7SEMESTRE\LENSAMBLADOR\00PALARMA\LCD.X\UART_LIB.ASM 84 : Executable code and data must be defined in an appropriate section
Error[152]   C:\USERS\REBECA ALVARADO\DOCUMENTS\LICENCIATURA\7SEMESTRE\LENSAMBLADOR\00PALARMA\LCD.X\UART_LIB.ASM 86 : Executable code and data must be defined in an appropriate section
Error[150]   C:\USERS\REBECA ALVARADO\DOCUMENTS\LICENCIATURA\7SEMESTRE\LENSAMBLADOR\00PALARMA\LCD.X\UART_LIB.ASM 89 : Labels must be defined in a code or data section when making an object file
Error[113]   C:\USERS\REBECA ALVARADO\DOCUMENTS\LICENCIATURA\7SEMESTRE\LENSAMBLADOR\00PALARMA\LCD.X\UART_LIB.ASM 92 : Symbol not previously defined (RCSTA)
Error[113]   C:\USERS\REBECA ALVARADO\DOCUMENTS\LICENCIATURA\7SEMESTRE\LENSAMBLADOR\00PALARMA\LCD.X\UART_LIB.ASM 92 : Symbol not previously defined (CREN)
Error[152]   C:\USERS\REBECA ALVARADO\DOCUMENTS\LICENCIATURA\7SEMESTRE\LENSAMBLADOR\00PALARMA\LCD.X\UART_LIB.ASM 92 : Executable code and data must be defined in an appropriate section
Error[113]   C:\USERS\REBECA ALVARADO\DOCUMENTS\LICENCIATURA\7SEMESTRE\LENSAMBLADOR\00PALARMA\LCD.X\UART_LIB.ASM 93 : Symbol not previously defined (RCSTA)
Error[113]   C:\USERS\REBECA ALVARADO\DOCUMENTS\LICENCIATURA\7SEMESTRE\LENSAMBLADOR\00PALARMA\LCD.X\UART_LIB.ASM 93 : Symbol not previously defined (CREN)
Error[152]   C:\USERS\REBECA ALVARADO\DOCUMENTS\LICENCIATURA\7SEMESTRE\LENSAMBLADOR\00PALARMA\LCD.X\UART_LIB.ASM 93 : Executable code and data must be defined in an appropriate section
Error[152]   C:\USERS\REBECA ALVARADO\DOCUMENTS\LICENCIATURA\7SEMESTRE\LENSAMBLADOR\00PALARMA\LCD.X\UART_LIB.ASM 94 : Executable code and data must be defined in an appropriate section
Error[129]   C:\USERS\REBECA ALVARADO\DOCUMENTS\LICENCIATURA\7SEMESTRE\LENSAMBLADOR\00PALARMA\LCD.X\UART_LIB.ASM 97 : Expected (END)
